2024-3-25 19:51:48-log: Cannot access game frame or container.
2024-3-25 19:51:48-debug: asset-db:require-engine-code (501ms)
2024-3-25 19:51:48-log: meshopt wasm decoder initialized
2024-3-25 19:51:48-log: [box2d]:box2d wasm lib loaded.
2024-3-25 19:51:48-log: [bullet]:bullet wasm lib loaded.
2024-3-25 19:51:48-log: Cocos Creator v3.8.2
2024-3-25 19:51:48-debug: [Assets Memory track]: asset-db:worker-init: initEngine start:23.72MB, end 105.21MB, increase: 81.50MB
2024-3-25 19:51:48-debug: [Assets Memory track]: asset-db-plugin-register: programming start:105.88MB, end 109.50MB, increase: 3.63MB
2024-3-25 19:51:48-debug: [Assets Memory track]: asset-db-plugin-register: engine-extends start:109.55MB, end 113.44MB, increase: 3.88MB
2024-3-25 19:51:48-debug: [Assets Memory track]: asset-db-plugin-enable: project start:109.69MB, end 113.44MB, increase: 3.75MB
2024-3-25 19:51:48-debug: [Assets Memory track]: asset-db:worker-init: initPlugin start:105.22MB, end 113.44MB, increase: 8.22MB
2024-3-25 19:51:48-debug: asset-db:worker-init: initPlugin (174ms)
2024-3-25 19:51:48-debug: [Assets Memory track]: asset-db:worker-init start:23.72MB, end 108.02MB, increase: 84.30MB
2024-3-25 19:51:48-debug: Run asset db hook programming:beforePreStart ...
2024-3-25 19:51:48-debug: Run asset db hook programming:beforePreStart success!
2024-3-25 19:51:48-debug: Run asset db hook engine-extends:beforePreStart success!
2024-3-25 19:51:50-debug: [Assets Memory track]: asset-db-plugin-enable: builder start:129.02MB, end 254.39MB, increase: 125.37MB
2024-3-25 19:51:48-debug: Run asset db hook engine-extends:beforePreStart ...
2024-3-25 19:51:50-debug: run package(builder) handler(enable) success!
2024-3-25 19:51:50-debug: run package(shortcuts) handler(enable) success!
2024-3-25 19:51:50-debug: run package(shortcuts) handler(enable) start
2024-3-25 19:51:50-debug: run package(animation-graph) handler(enable) start
2024-3-25 19:51:50-debug: run package(animation-graph) handler(enable) success!
2024-3-25 19:51:50-debug: run package(about) handler(enable) start
2024-3-25 19:51:49-debug: run package(builder) handler(enable) start
2024-3-25 19:51:50-debug: run package(assets) handler(enable) success!
2024-3-25 19:51:50-debug: run package(assets) handler(enable) start
2024-3-25 19:51:50-debug: run package(about) handler(enable) success!
2024-3-25 19:51:50-debug: run package(console) handler(enable) success!
2024-3-25 19:51:50-debug: run package(console) handler(enable) start
2024-3-25 19:51:50-debug: run package(crash-reporter) handler(enable) start
2024-3-25 19:51:50-debug: run package(crash-reporter) handler(enable) success!
2024-3-25 19:51:50-debug: asset-db:worker-init (1588ms)
2024-3-25 19:51:50-debug: asset-db-hook-programming-beforePreStart (391ms)
2024-3-25 19:51:50-debug: asset-db-hook-engine-extends-beforePreStart (391ms)
2024-3-25 19:51:50-debug: run package(extension) handler(enable) start
2024-3-25 19:51:50-debug: run package(extension) handler(enable) success!
2024-3-25 19:51:50-debug: run package(inspector) handler(enable) start
2024-3-25 19:51:50-debug: run package(hierarchy) handler(enable) success!
2024-3-25 19:51:50-debug: run package(inspector) handler(enable) success!
2024-3-25 19:51:50-debug: run package(hierarchy) handler(enable) start
2024-3-25 19:51:50-debug: run package(light-probe) handler(enable) success!
2024-3-25 19:51:50-debug: run package(lightmap) handler(enable) success!
2024-3-25 19:51:50-debug: run package(node-library) handler(enable) start
2024-3-25 19:51:50-debug: run package(light-probe) handler(enable) start
2024-3-25 19:51:50-debug: run package(node-library) handler(enable) success!
2024-3-25 19:51:50-debug: run package(package-asset) handler(enable) success!
2024-3-25 19:51:50-debug: run package(process) handler(enable) start
2024-3-25 19:51:50-debug: run package(package-asset) handler(enable) start
2024-3-25 19:51:50-debug: run package(reference-image) handler(enable) start
2024-3-25 19:51:50-debug: run package(reference-image) handler(enable) success!
2024-3-25 19:51:50-debug: run package(reflection-probe) handler(enable) start
2024-3-25 19:51:50-debug: run package(reflection-probe) handler(enable) success!
2024-3-25 19:51:50-debug: run package(engine-extends) handler(enable) start
2024-3-25 19:51:50-debug: run package(process) handler(enable) success!
2024-3-25 19:51:50-debug: run package(engine-extends) handler(enable) success!
2024-3-25 19:51:50-debug: run package(adsense-h5g-plugin) handler(enable) start
2024-3-25 19:51:50-debug: run package(adsense-h5g-plugin) handler(enable) success!
2024-3-25 19:51:50-debug: run package(alipay-mini-game) handler(enable) success!
2024-3-25 19:51:50-debug: run package(android) handler(enable) start
2024-3-25 19:51:50-debug: run package(alipay-mini-game) handler(enable) start
2024-3-25 19:51:50-debug: run package(bytedance-mini-game) handler(enable) start
2024-3-25 19:51:50-debug: run package(bytedance-mini-game) handler(enable) success!
2024-3-25 19:51:50-debug: run package(lightmap) handler(enable) start
2024-3-25 19:51:50-debug: run package(android) handler(enable) success!
2024-3-25 19:51:50-debug: run package(certificate) handler(enable) success!
2024-3-25 19:51:50-debug: run package(certificate) handler(enable) start
2024-3-25 19:51:50-debug: run package(channel-upload-tools) handler(enable) success!
2024-3-25 19:51:50-debug: run package(fb-instant-games) handler(enable) success!
2024-3-25 19:51:50-debug: run package(channel-upload-tools) handler(enable) start
2024-3-25 19:51:50-debug: run package(huawei-agc) handler(enable) success!
2024-3-25 19:51:50-debug: run package(huawei-agc) handler(enable) start
2024-3-25 19:51:50-debug: run package(fb-instant-games) handler(enable) start
2024-3-25 19:51:50-debug: run package(huawei-quick-game) handler(enable) start
2024-3-25 19:51:50-debug: run package(huawei-quick-game) handler(enable) success!
2024-3-25 19:51:50-debug: run package(linux) handler(enable) start
2024-3-25 19:51:50-debug: run package(ios) handler(enable) success!
2024-3-25 19:51:50-debug: run package(linux) handler(enable) success!
2024-3-25 19:51:50-debug: run package(ios) handler(enable) start
2024-3-25 19:51:50-debug: run package(mac) handler(enable) success!
2024-3-25 19:51:50-debug: run package(native) handler(enable) success!
2024-3-25 19:51:50-debug: run package(ohos) handler(enable) start
2024-3-25 19:51:50-debug: run package(native) handler(enable) start
2024-3-25 19:51:50-debug: run package(openharmony) handler(enable) start
2024-3-25 19:51:50-debug: run package(openharmony) handler(enable) success!
2024-3-25 19:51:50-debug: run package(mac) handler(enable) start
2024-3-25 19:51:50-debug: run package(oppo-mini-game) handler(enable) start
2024-3-25 19:51:50-debug: run package(oppo-mini-game) handler(enable) success!
2024-3-25 19:51:50-debug: run package(runtime-dev-tools) handler(enable) success!
2024-3-25 19:51:50-debug: run package(runtime-dev-tools) handler(enable) start
2024-3-25 19:51:50-debug: run package(taobao-creative-app) handler(enable) start
2024-3-25 19:51:50-debug: run package(taobao-creative-app) handler(enable) success!
2024-3-25 19:51:50-debug: run package(taobao-mini-game) handler(enable) start
2024-3-25 19:51:50-debug: run package(taobao-mini-game) handler(enable) success!
2024-3-25 19:51:50-debug: run package(vivo-mini-game) handler(enable) success!
2024-3-25 19:51:50-debug: run package(vivo-mini-game) handler(enable) start
2024-3-25 19:51:50-debug: run package(web-desktop) handler(enable) start
2024-3-25 19:51:50-debug: run package(web-desktop) handler(enable) success!
2024-3-25 19:51:50-debug: run package(web-mobile) handler(enable) success!
2024-3-25 19:51:50-debug: run package(web-mobile) handler(enable) start
2024-3-25 19:51:50-debug: run package(wechatgame) handler(enable) success!
2024-3-25 19:51:50-debug: run package(ohos) handler(enable) success!
2024-3-25 19:51:50-debug: run package(wechatgame) handler(enable) start
2024-3-25 19:51:50-debug: run package(wechatprogram) handler(enable) start
2024-3-25 19:51:50-debug: run package(wechatprogram) handler(enable) success!
2024-3-25 19:51:50-debug: Preimport db internal success
2024-3-25 19:51:50-debug: %cImport%c: F:\cocosCreator\lechengbao\assets\animationbackground: #aaff85; color: #000;color: #000;
2024-3-25 19:51:50-debug: %cImport%c: F:\cocosCreator\lechengbao\assets\prefabbackground: #aaff85; color: #000;color: #000;
2024-3-25 19:51:50-debug: %cImport%c: F:\cocosCreator\lechengbao\assets\picturebackground: #aaff85; color: #000;color: #000;
2024-3-25 19:51:50-debug: %cImport%c: F:\cocosCreator\lechengbao\assets\scriptsbackground: #aaff85; color: #000;color: #000;
2024-3-25 19:51:50-debug: %cImport%c: F:\cocosCreator\lechengbao\assets\scenebackground: #aaff85; color: #000;color: #000;
2024-3-25 19:51:50-debug: Preimport db assets success
2024-3-25 19:51:50-debug: Run asset db hook programming:afterPreStart ...
2024-3-25 19:51:50-debug: starting packer-driver...
2024-3-25 19:51:50-debug: run package(windows) handler(enable) start
2024-3-25 19:51:50-debug: run package(windows) handler(enable) success!
2024-3-25 19:51:50-debug: run package(xiaomi-quick-game) handler(enable) start
2024-3-25 19:51:50-debug: run package(xiaomi-quick-game) handler(enable) success!
2024-3-25 19:51:50-debug: run package(cocos-service) handler(enable) start
2024-3-25 19:51:50-debug: run package(cocos-service) handler(enable) success!
2024-3-25 19:51:50-debug: run package(im-plugin) handler(enable) start
2024-3-25 19:51:50-debug: run package(im-plugin) handler(enable) success!
2024-3-25 19:51:50-debug: run package(fix-device) handler(enable) start
2024-3-25 19:51:50-debug: run package(fix-device) handler(enable) success!
2024-3-25 19:51:50-debug: run package(placeholder) handler(enable) start
2024-3-25 19:51:50-debug: run package(placeholder) handler(enable) success!
2024-3-25 19:51:51-debug: initialize scripting environment...
2024-3-25 19:51:51-debug: Set detail map pack:///resolution-detail-map.json: {}
2024-3-25 19:51:51-debug: Run asset db hook programming:afterPreStart success!
2024-3-25 19:51:51-debug: Run asset db hook engine-extends:afterPreStart ...
2024-3-25 19:51:51-debug: Run asset db hook engine-extends:afterPreStart success!
2024-3-25 19:51:51-debug: [Assets Memory track]: asset-db:worker-init: preStart start:108.02MB, end 253.72MB, increase: 145.70MB
2024-3-25 19:51:51-debug: Start up the 'internal' database...
2024-3-25 19:51:51-debug: asset-db-hook-programming-afterPreStart (775ms)
2024-3-25 19:51:51-debug: asset-db-hook-engine-extends-afterPreStart (18ms)
2024-3-25 19:51:51-debug: asset-db:worker-effect-data-processing (18ms)
2024-3-25 19:51:51-debug: [Assets Memory track]: asset-db:worker-startup-database[internal] start:128.12MB, end 252.17MB, increase: 124.06MB
2024-3-25 19:51:51-debug: Start up the 'assets' database...
2024-3-25 19:51:51-debug: asset-db:worker-startup-database[internal] (1857ms)
2024-3-25 19:51:51-debug: asset-db:worker-startup-database[assets] (817ms)
2024-3-25 19:51:51-debug: asset-db:start-database (2192ms)
2024-3-25 19:51:51-debug: asset-db:ready (4925ms)
2024-3-25 19:51:51-debug: init worker message success
2024-3-25 19:51:51-debug: [Build Memory track]: builder:worker-init start:254.72MB, end 264.30MB, increase: 9.58MB
2024-3-25 19:51:51-debug: builder:worker-init (316ms)
2024-3-25 19:51:51-debug: programming:execute-script (3ms)
2024-3-25 19:51:53-debug: programming:execute-script (3ms)
